<?xml version="1.0" encoding="UTF-8"?>
<!-- Generated by org.testng.reporters.JUnitReportReporter -->
<testsuite hostname="BAN-ARICENT18" failures="0" tests="1" name="seleniummaveprojectPackage.TestSuite" time="10.433" errors="0" timestamp="05 Oct 2018 08:02:20 GMT" skipped="0">
  <testcase classname="seleniummaveprojectPackage.TestSuite" name="verifySearchButton" time="10.433"/>
</testsuite> <!-- seleniummaveprojectPackage.TestSuite -->
