<?xml version="1.0" encoding="UTF-8"?>
<!-- Generated by org.testng.reporters.JUnitReportReporter -->
<testsuite hostname="BAN-ARICENT18" failures="0" tests="1" name="seleniumcucumbermaven.AppTest" time="0.006" errors="0" timestamp="5 Oct 2018 07:25:48 GMT">
  <testcase classname="seleniumcucumbermaven.AppTest" name="testApp" time="0.006"/>
</testsuite> <!-- seleniumcucumbermaven.AppTest -->
