<?xml version="1.0" encoding="UTF-8"?>
<!-- Generated by org.testng.reporters.JUnitReportReporter -->
<testsuite hostname="BAN-ARICENT18" failures="0" tests="1" name="seleniummaveprojectPackage.AppTest" time="0.000" errors="0" timestamp="05 Oct 2018 08:02:21 GMT" skipped="0">
  <testcase classname="seleniummaveprojectPackage.AppTest" name="testApp" time="0.000"/>
</testsuite> <!-- seleniummaveprojectPackage.AppTest -->
